INFO  @ Wed, 15 Jan 2020 15:23:42: Parameters: /global/projectb/scratch/cmodonog/Anaconda/MageckEnv/bin/mageck count -l ../grna_to_locus_lib.txt -n Day2 --sample-label PO1f_1,PO1f_2,PO1f_3,PO1f_Cas9_1,PO1f_Cas9_2,PO1f_Cas9_3 --fastq PO1f_1_d2.fastq PO1f_2_d2.fastq PO1f_3_d2.fastq PO1f_Cas9_1_d2.fastq PO1f_Cas9_2_d2.fastq PO1f_Cas9_3_d2.fastq 
INFO  @ Wed, 15 Jan 2020 15:23:42: Welcome to MAGeCK v0.5.9.2. Command: count 
INFO  @ Wed, 15 Jan 2020 15:23:42: Loading 47591 predefined sgRNAs. 
WARNING @ Wed, 15 Jan 2020 15:23:42: There are 13 sgRNAs with duplicated sequences. 
INFO  @ Wed, 15 Jan 2020 15:23:42: Parsing FASTQ file PO1f_1_d2.fastq... 
INFO  @ Wed, 15 Jan 2020 15:23:42: Determining the trim-5 length of FASTQ file PO1f_1_d2.fastq... 
INFO  @ Wed, 15 Jan 2020 15:23:42: Possible gRNA lengths:20 
INFO  @ Wed, 15 Jan 2020 15:23:42: Processing 0M reads ... 
INFO  @ Wed, 15 Jan 2020 15:23:45: Read length:75,73,76,74,66,72,70,67,68,69 
INFO  @ Wed, 15 Jan 2020 15:23:45: Total tested reads: 100001, mapped: 90470(0.9046909530904691) 
INFO  @ Wed, 15 Jan 2020 15:23:45: --trim-5 test data: (trim_length reads fraction) 
INFO  @ Wed, 15 Jan 2020 15:23:45: 36	80140	0.8858185033712833 
INFO  @ Wed, 15 Jan 2020 15:23:45: 42	5085	0.056206477285287944 
INFO  @ Wed, 15 Jan 2020 15:23:45: 35	2165	0.02393058472421797 
INFO  @ Wed, 15 Jan 2020 15:23:45: 37	844	0.009329059356692827 
INFO  @ Wed, 15 Jan 2020 15:23:45: 41	740	0.008179507018901293 
INFO  @ Wed, 15 Jan 2020 15:23:45: 40	389	0.0042997678788548694 
INFO  @ Wed, 15 Jan 2020 15:23:45: 39	330	0.0036476179949154414 
INFO  @ Wed, 15 Jan 2020 15:23:45: 34	273	0.0030175748867027744 
INFO  @ Wed, 15 Jan 2020 15:23:45: 38	168	0.0018569691610478612 
INFO  @ Wed, 15 Jan 2020 15:23:45: 33	100	0.0011053387863380127 
INFO  @ Wed, 15 Jan 2020 15:23:45: 43	77	0.0008511108654802697 
INFO  @ Wed, 15 Jan 2020 15:23:45: 32	49	0.0005416160053056261 
INFO  @ Wed, 15 Jan 2020 15:23:45: 31	30	0.0003316016359014038 
INFO  @ Wed, 15 Jan 2020 15:23:45: 30	24	0.000265281308721123 
INFO  @ Wed, 15 Jan 2020 15:23:45: 29	15	0.0001658008179507019 
INFO  @ Wed, 15 Jan 2020 15:23:45: 27	8	8.842710290704101e-05 
INFO  @ Wed, 15 Jan 2020 15:23:45: 22	7	7.737371504366088e-05 
INFO  @ Wed, 15 Jan 2020 15:23:45: 28	6	6.632032718028075e-05 
INFO  @ Wed, 15 Jan 2020 15:23:45: 24	4	4.421355145352051e-05 
INFO  @ Wed, 15 Jan 2020 15:23:45: 25	4	4.421355145352051e-05 
INFO  @ Wed, 15 Jan 2020 15:23:45: 26	4	4.421355145352051e-05 
INFO  @ Wed, 15 Jan 2020 15:23:45: 45	3	3.316016359014038e-05 
INFO  @ Wed, 15 Jan 2020 15:23:45: 23	2	2.2106775726760254e-05 
INFO  @ Wed, 15 Jan 2020 15:23:45: 44	2	2.2106775726760254e-05 
INFO  @ Wed, 15 Jan 2020 15:23:45: 56	1	1.1053387863380127e-05 
INFO  @ Wed, 15 Jan 2020 15:23:45: Auto determination of trim5 results: 36 
INFO  @ Wed, 15 Jan 2020 15:23:45: Possible gRNA lengths:20 
INFO  @ Wed, 15 Jan 2020 15:23:45: Processing 0M reads .. 
INFO  @ Wed, 15 Jan 2020 15:23:50: Processing 1M reads .. 
INFO  @ Wed, 15 Jan 2020 15:23:53: Processing 2M reads .. 
INFO  @ Wed, 15 Jan 2020 15:23:57: Processing 3M reads .. 
INFO  @ Wed, 15 Jan 2020 15:24:00: Processing 4M reads .. 
INFO  @ Wed, 15 Jan 2020 15:24:03: Processing 5M reads .. 
INFO  @ Wed, 15 Jan 2020 15:24:07: Processing 6M reads .. 
INFO  @ Wed, 15 Jan 2020 15:24:10: Processing 7M reads .. 
INFO  @ Wed, 15 Jan 2020 15:24:14: Processing 8M reads .. 
INFO  @ Wed, 15 Jan 2020 15:24:18: Processing 9M reads .. 
INFO  @ Wed, 15 Jan 2020 15:24:22: Processing 10M reads .. 
INFO  @ Wed, 15 Jan 2020 15:24:25: Processing 11M reads .. 
INFO  @ Wed, 15 Jan 2020 15:24:29: Processing 12M reads .. 
INFO  @ Wed, 15 Jan 2020 15:24:32: Processing 13M reads .. 
INFO  @ Wed, 15 Jan 2020 15:24:36: Total: 13963047. 
INFO  @ Wed, 15 Jan 2020 15:24:36: Mapped: 11738725. 
INFO  @ Wed, 15 Jan 2020 15:24:36: Parsing FASTQ file PO1f_2_d2.fastq... 
INFO  @ Wed, 15 Jan 2020 15:24:36: Determining the trim-5 length of FASTQ file PO1f_2_d2.fastq... 
INFO  @ Wed, 15 Jan 2020 15:24:36: Possible gRNA lengths:20 
INFO  @ Wed, 15 Jan 2020 15:24:37: Processing 0M reads ... 
INFO  @ Wed, 15 Jan 2020 15:24:40: Read length:73,75,74,76,72,71 
INFO  @ Wed, 15 Jan 2020 15:24:40: Total tested reads: 100001, mapped: 90586(0.9058509414905851) 
INFO  @ Wed, 15 Jan 2020 15:24:40: --trim-5 test data: (trim_length reads fraction) 
INFO  @ Wed, 15 Jan 2020 15:24:40: 42	86768	0.9578522067427638 
INFO  @ Wed, 15 Jan 2020 15:24:40: 41	2459	0.027145475018214734 
INFO  @ Wed, 15 Jan 2020 15:24:40: 43	751	0.008290464310158303 
INFO  @ Wed, 15 Jan 2020 15:24:40: 40	278	0.003068906895105204 
INFO  @ Wed, 15 Jan 2020 15:24:40: 39	112	0.0012363941447905858 
INFO  @ Wed, 15 Jan 2020 15:24:40: 38	51	0.0005630009052171417 
INFO  @ Wed, 15 Jan 2020 15:24:40: 37	41	0.0004526085708608394 
INFO  @ Wed, 15 Jan 2020 15:24:40: 36	31	0.00034221623650453715 
INFO  @ Wed, 15 Jan 2020 15:24:40: 35	22	0.00024286313558386505 
INFO  @ Wed, 15 Jan 2020 15:24:40: 44	14	0.00015454926809882323 
INFO  @ Wed, 15 Jan 2020 15:24:40: 32	7	7.727463404941161e-05 
INFO  @ Wed, 15 Jan 2020 15:24:40: 45	7	7.727463404941161e-05 
INFO  @ Wed, 15 Jan 2020 15:24:40: 28	6	6.623540061378138e-05 
INFO  @ Wed, 15 Jan 2020 15:24:40: 30	6	6.623540061378138e-05 
INFO  @ Wed, 15 Jan 2020 15:24:40: 48	6	6.623540061378138e-05 
INFO  @ Wed, 15 Jan 2020 15:24:40: 31	6	6.623540061378138e-05 
INFO  @ Wed, 15 Jan 2020 15:24:40: 33	5	5.519616717815115e-05 
INFO  @ Wed, 15 Jan 2020 15:24:40: 34	5	5.519616717815115e-05 
INFO  @ Wed, 15 Jan 2020 15:24:40: 29	3	3.311770030689069e-05 
INFO  @ Wed, 15 Jan 2020 15:24:40: 51	3	3.311770030689069e-05 
INFO  @ Wed, 15 Jan 2020 15:24:40: 46	2	2.207846687126046e-05 
INFO  @ Wed, 15 Jan 2020 15:24:40: 55	1	1.103923343563023e-05 
INFO  @ Wed, 15 Jan 2020 15:24:40: 26	1	1.103923343563023e-05 
INFO  @ Wed, 15 Jan 2020 15:24:40: 47	1	1.103923343563023e-05 
INFO  @ Wed, 15 Jan 2020 15:24:40: Auto determination of trim5 results: 42 
INFO  @ Wed, 15 Jan 2020 15:24:40: Possible gRNA lengths:20 
INFO  @ Wed, 15 Jan 2020 15:24:40: Processing 0M reads .. 
INFO  @ Wed, 15 Jan 2020 15:24:44: Processing 1M reads .. 
INFO  @ Wed, 15 Jan 2020 15:24:47: Processing 2M reads .. 
INFO  @ Wed, 15 Jan 2020 15:24:50: Processing 3M reads .. 
INFO  @ Wed, 15 Jan 2020 15:24:54: Processing 4M reads .. 
INFO  @ Wed, 15 Jan 2020 15:24:58: Processing 5M reads .. 
INFO  @ Wed, 15 Jan 2020 15:25:01: Processing 6M reads .. 
INFO  @ Wed, 15 Jan 2020 15:25:06: Processing 7M reads .. 
INFO  @ Wed, 15 Jan 2020 15:25:09: Processing 8M reads .. 
INFO  @ Wed, 15 Jan 2020 15:25:13: Processing 9M reads .. 
INFO  @ Wed, 15 Jan 2020 15:25:17: Processing 10M reads .. 
INFO  @ Wed, 15 Jan 2020 15:25:21: Processing 11M reads .. 
INFO  @ Wed, 15 Jan 2020 15:25:25: Processing 12M reads .. 
INFO  @ Wed, 15 Jan 2020 15:25:29: Processing 13M reads .. 
INFO  @ Wed, 15 Jan 2020 15:25:33: Processing 14M reads .. 
INFO  @ Wed, 15 Jan 2020 15:25:36: Processing 15M reads .. 
INFO  @ Wed, 15 Jan 2020 15:25:40: Processing 16M reads .. 
INFO  @ Wed, 15 Jan 2020 15:25:43: Processing 17M reads .. 
INFO  @ Wed, 15 Jan 2020 15:25:47: Processing 18M reads .. 
INFO  @ Wed, 15 Jan 2020 15:25:47: Total: 18252805. 
INFO  @ Wed, 15 Jan 2020 15:25:47: Mapped: 15914205. 
INFO  @ Wed, 15 Jan 2020 15:25:48: Parsing FASTQ file PO1f_3_d2.fastq... 
INFO  @ Wed, 15 Jan 2020 15:25:48: Determining the trim-5 length of FASTQ file PO1f_3_d2.fastq... 
INFO  @ Wed, 15 Jan 2020 15:25:48: Possible gRNA lengths:20 
INFO  @ Wed, 15 Jan 2020 15:25:48: Processing 0M reads ... 
INFO  @ Wed, 15 Jan 2020 15:25:51: Read length:75,76,74,73,70,72,66,71 
INFO  @ Wed, 15 Jan 2020 15:25:51: Total tested reads: 100001, mapped: 90685(0.9068409315906841) 
INFO  @ Wed, 15 Jan 2020 15:25:51: --trim-5 test data: (trim_length reads fraction) 
INFO  @ Wed, 15 Jan 2020 15:25:51: 40	86753	0.9566411203616916 
INFO  @ Wed, 15 Jan 2020 15:25:51: 39	2543	0.0280421238352539 
INFO  @ Wed, 15 Jan 2020 15:25:51: 41	803	0.008854827148922093 
INFO  @ Wed, 15 Jan 2020 15:25:51: 38	277	0.003054529415007995 
INFO  @ Wed, 15 Jan 2020 15:25:51: 37	94	0.0010365551083420632 
INFO  @ Wed, 15 Jan 2020 15:25:51: 36	61	0.0006726581022219772 
INFO  @ Wed, 15 Jan 2020 15:25:51: 35	47	0.0005182775541710316 
INFO  @ Wed, 15 Jan 2020 15:25:51: 34	20	0.0002205436400727794 
INFO  @ Wed, 15 Jan 2020 15:25:51: 33	15	0.00016540773005458456 
INFO  @ Wed, 15 Jan 2020 15:25:51: 42	13	0.00014335336604730662 
INFO  @ Wed, 15 Jan 2020 15:25:51: 32	8	8.821745602911176e-05 
INFO  @ Wed, 15 Jan 2020 15:25:51: 30	8	8.821745602911176e-05 
INFO  @ Wed, 15 Jan 2020 15:25:51: 26	7	7.719027402547279e-05 
INFO  @ Wed, 15 Jan 2020 15:25:51: 28	7	7.719027402547279e-05 
INFO  @ Wed, 15 Jan 2020 15:25:51: 31	6	6.616309202183382e-05 
INFO  @ Wed, 15 Jan 2020 15:25:51: 44	5	5.513591001819485e-05 
INFO  @ Wed, 15 Jan 2020 15:25:51: 46	4	4.410872801455588e-05 
INFO  @ Wed, 15 Jan 2020 15:25:51: 50	2	2.205436400727794e-05 
INFO  @ Wed, 15 Jan 2020 15:25:51: 43	2	2.205436400727794e-05 
INFO  @ Wed, 15 Jan 2020 15:25:51: 48	2	2.205436400727794e-05 
INFO  @ Wed, 15 Jan 2020 15:25:51: 47	1	1.102718200363897e-05 
INFO  @ Wed, 15 Jan 2020 15:25:51: 24	1	1.102718200363897e-05 
INFO  @ Wed, 15 Jan 2020 15:25:51: 49	1	1.102718200363897e-05 
INFO  @ Wed, 15 Jan 2020 15:25:51: 27	1	1.102718200363897e-05 
INFO  @ Wed, 15 Jan 2020 15:25:51: 25	1	1.102718200363897e-05 
INFO  @ Wed, 15 Jan 2020 15:25:51: 21	1	1.102718200363897e-05 
INFO  @ Wed, 15 Jan 2020 15:25:51: 54	1	1.102718200363897e-05 
INFO  @ Wed, 15 Jan 2020 15:25:51: 29	1	1.102718200363897e-05 
INFO  @ Wed, 15 Jan 2020 15:25:51: Auto determination of trim5 results: 40 
INFO  @ Wed, 15 Jan 2020 15:25:51: Possible gRNA lengths:20 
INFO  @ Wed, 15 Jan 2020 15:25:51: Processing 0M reads .. 
INFO  @ Wed, 15 Jan 2020 15:25:56: Processing 1M reads .. 
INFO  @ Wed, 15 Jan 2020 15:25:59: Processing 2M reads .. 
INFO  @ Wed, 15 Jan 2020 15:26:03: Processing 3M reads .. 
INFO  @ Wed, 15 Jan 2020 15:26:06: Processing 4M reads .. 
INFO  @ Wed, 15 Jan 2020 15:26:10: Processing 5M reads .. 
INFO  @ Wed, 15 Jan 2020 15:26:14: Processing 6M reads .. 
INFO  @ Wed, 15 Jan 2020 15:26:18: Processing 7M reads .. 
INFO  @ Wed, 15 Jan 2020 15:26:21: Processing 8M reads .. 
INFO  @ Wed, 15 Jan 2020 15:26:26: Processing 9M reads .. 
INFO  @ Wed, 15 Jan 2020 15:26:30: Processing 10M reads .. 
INFO  @ Wed, 15 Jan 2020 15:26:34: Processing 11M reads .. 
INFO  @ Wed, 15 Jan 2020 15:26:38: Processing 12M reads .. 
INFO  @ Wed, 15 Jan 2020 15:26:42: Processing 13M reads .. 
INFO  @ Wed, 15 Jan 2020 15:26:47: Total: 13921466. 
INFO  @ Wed, 15 Jan 2020 15:26:47: Mapped: 12167132. 
INFO  @ Wed, 15 Jan 2020 15:26:47: Parsing FASTQ file PO1f_Cas9_1_d2.fastq... 
INFO  @ Wed, 15 Jan 2020 15:26:47: Determining the trim-5 length of FASTQ file PO1f_Cas9_1_d2.fastq... 
INFO  @ Wed, 15 Jan 2020 15:26:47: Possible gRNA lengths:20 
INFO  @ Wed, 15 Jan 2020 15:26:47: Processing 0M reads ... 
INFO  @ Wed, 15 Jan 2020 15:26:51: Read length:75,74,76,73,72,71,63,69 
INFO  @ Wed, 15 Jan 2020 15:26:51: Total tested reads: 100001, mapped: 88349(0.8834811651883481) 
INFO  @ Wed, 15 Jan 2020 15:26:51: --trim-5 test data: (trim_length reads fraction) 
INFO  @ Wed, 15 Jan 2020 15:26:51: 38	84480	0.9562077669243568 
INFO  @ Wed, 15 Jan 2020 15:26:51: 37	2433	0.02753851203748769 
INFO  @ Wed, 15 Jan 2020 15:26:51: 39	779	0.008817304100782125 
INFO  @ Wed, 15 Jan 2020 15:26:51: 36	301	0.0034069429195576636 
INFO  @ Wed, 15 Jan 2020 15:26:51: 35	157	0.0017770433168456915 
INFO  @ Wed, 15 Jan 2020 15:26:51: 34	49	0.0005546186148117126 
INFO  @ Wed, 15 Jan 2020 15:26:51: 33	42	0.00047538738412432514 
INFO  @ Wed, 15 Jan 2020 15:26:51: 32	24	0.00027164993378532863 
INFO  @ Wed, 15 Jan 2020 15:26:51: 31	12	0.00013582496689266431 
INFO  @ Wed, 15 Jan 2020 15:26:51: 40	11	0.00012450621965160897 
INFO  @ Wed, 15 Jan 2020 15:26:51: 30	10	0.0001131874724105536 
INFO  @ Wed, 15 Jan 2020 15:26:51: 42	7	7.923123068738751e-05 
INFO  @ Wed, 15 Jan 2020 15:26:51: 24	7	7.923123068738751e-05 
INFO  @ Wed, 15 Jan 2020 15:26:51: 27	6	6.791248344633216e-05 
INFO  @ Wed, 15 Jan 2020 15:26:51: 44	6	6.791248344633216e-05 
INFO  @ Wed, 15 Jan 2020 15:26:51: 41	5	5.65937362052768e-05 
INFO  @ Wed, 15 Jan 2020 15:26:51: 29	3	3.395624172316608e-05 
INFO  @ Wed, 15 Jan 2020 15:26:51: 28	3	3.395624172316608e-05 
INFO  @ Wed, 15 Jan 2020 15:26:51: 25	3	3.395624172316608e-05 
INFO  @ Wed, 15 Jan 2020 15:26:51: 26	2	2.263749448211072e-05 
INFO  @ Wed, 15 Jan 2020 15:26:51: 49	2	2.263749448211072e-05 
INFO  @ Wed, 15 Jan 2020 15:26:51: 47	2	2.263749448211072e-05 
INFO  @ Wed, 15 Jan 2020 15:26:51: 50	1	1.131874724105536e-05 
INFO  @ Wed, 15 Jan 2020 15:26:51: 20	1	1.131874724105536e-05 
INFO  @ Wed, 15 Jan 2020 15:26:51: 22	1	1.131874724105536e-05 
INFO  @ Wed, 15 Jan 2020 15:26:51: 52	1	1.131874724105536e-05 
INFO  @ Wed, 15 Jan 2020 15:26:51: 51	1	1.131874724105536e-05 
INFO  @ Wed, 15 Jan 2020 15:26:51: Auto determination of trim5 results: 38 
INFO  @ Wed, 15 Jan 2020 15:26:51: Possible gRNA lengths:20 
INFO  @ Wed, 15 Jan 2020 15:26:51: Processing 0M reads .. 
INFO  @ Wed, 15 Jan 2020 15:26:55: Processing 1M reads .. 
INFO  @ Wed, 15 Jan 2020 15:26:59: Processing 2M reads .. 
INFO  @ Wed, 15 Jan 2020 15:27:03: Processing 3M reads .. 
INFO  @ Wed, 15 Jan 2020 15:27:07: Processing 4M reads .. 
INFO  @ Wed, 15 Jan 2020 15:27:10: Processing 5M reads .. 
INFO  @ Wed, 15 Jan 2020 15:27:14: Processing 6M reads .. 
INFO  @ Wed, 15 Jan 2020 15:27:17: Processing 7M reads .. 
INFO  @ Wed, 15 Jan 2020 15:27:21: Processing 8M reads .. 
INFO  @ Wed, 15 Jan 2020 15:27:24: Processing 9M reads .. 
INFO  @ Wed, 15 Jan 2020 15:27:28: Processing 10M reads .. 
INFO  @ Wed, 15 Jan 2020 15:27:32: Processing 11M reads .. 
INFO  @ Wed, 15 Jan 2020 15:27:35: Processing 12M reads .. 
INFO  @ Wed, 15 Jan 2020 15:27:37: Total: 12545545. 
INFO  @ Wed, 15 Jan 2020 15:27:37: Mapped: 10651973. 
INFO  @ Wed, 15 Jan 2020 15:27:38: Parsing FASTQ file PO1f_Cas9_2_d2.fastq... 
INFO  @ Wed, 15 Jan 2020 15:27:38: Determining the trim-5 length of FASTQ file PO1f_Cas9_2_d2.fastq... 
INFO  @ Wed, 15 Jan 2020 15:27:38: Possible gRNA lengths:20 
INFO  @ Wed, 15 Jan 2020 15:27:38: Processing 0M reads ... 
INFO  @ Wed, 15 Jan 2020 15:27:41: Read length:76,75,73,74,72,56,69,71,70,62,67,68,66,58,64 
INFO  @ Wed, 15 Jan 2020 15:27:41: Total tested reads: 100001, mapped: 87178(0.8717712822871772) 
INFO  @ Wed, 15 Jan 2020 15:27:41: --trim-5 test data: (trim_length reads fraction) 
INFO  @ Wed, 15 Jan 2020 15:27:41: 36	82623	0.9477505792745876 
INFO  @ Wed, 15 Jan 2020 15:27:41: 35	2101	0.024100117001995918 
INFO  @ Wed, 15 Jan 2020 15:27:41: 37	789	0.009050448507651012 
INFO  @ Wed, 15 Jan 2020 15:27:41: 42	628	0.007203652297598018 
INFO  @ Wed, 15 Jan 2020 15:27:41: 34	237	0.002718575787469316 
INFO  @ Wed, 15 Jan 2020 15:27:41: 40	176	0.0020188579687535845 
INFO  @ Wed, 15 Jan 2020 15:27:41: 41	150	0.001720617587005896 
INFO  @ Wed, 15 Jan 2020 15:27:41: 38	108	0.001238844662644245 
INFO  @ Wed, 15 Jan 2020 15:27:41: 33	91	0.0010438413361169101 
INFO  @ Wed, 15 Jan 2020 15:27:41: 39	91	0.0010438413361169101 
INFO  @ Wed, 15 Jan 2020 15:27:41: 32	42	0.00048177292436165086 
INFO  @ Wed, 15 Jan 2020 15:27:41: 31	41	0.00047030214044827825 
INFO  @ Wed, 15 Jan 2020 15:27:41: 30	31	0.00035559430131455185 
INFO  @ Wed, 15 Jan 2020 15:27:41: 29	15	0.0001720617587005896 
INFO  @ Wed, 15 Jan 2020 15:27:41: 43	12	0.00013764940696047167 
INFO  @ Wed, 15 Jan 2020 15:27:41: 27	9	0.00010323705522035376 
INFO  @ Wed, 15 Jan 2020 15:27:41: 26	8	9.176627130698111e-05 
INFO  @ Wed, 15 Jan 2020 15:27:41: 28	7	8.029548739360848e-05 
INFO  @ Wed, 15 Jan 2020 15:27:41: 24	5	5.73539195668632e-05 
INFO  @ Wed, 15 Jan 2020 15:27:41: 23	3	3.4412351740117916e-05 
INFO  @ Wed, 15 Jan 2020 15:27:41: 48	2	2.294156782674528e-05 
INFO  @ Wed, 15 Jan 2020 15:27:41: 22	2	2.294156782674528e-05 
INFO  @ Wed, 15 Jan 2020 15:27:41: 25	2	2.294156782674528e-05 
INFO  @ Wed, 15 Jan 2020 15:27:41: 50	1	1.147078391337264e-05 
INFO  @ Wed, 15 Jan 2020 15:27:41: 18	1	1.147078391337264e-05 
INFO  @ Wed, 15 Jan 2020 15:27:41: 51	1	1.147078391337264e-05 
INFO  @ Wed, 15 Jan 2020 15:27:41: 44	1	1.147078391337264e-05 
INFO  @ Wed, 15 Jan 2020 15:27:41: 55	1	1.147078391337264e-05 
INFO  @ Wed, 15 Jan 2020 15:27:41: Auto determination of trim5 results: 36 
INFO  @ Wed, 15 Jan 2020 15:27:41: Possible gRNA lengths:20 
INFO  @ Wed, 15 Jan 2020 15:27:41: Processing 0M reads .. 
INFO  @ Wed, 15 Jan 2020 15:27:45: Processing 1M reads .. 
INFO  @ Wed, 15 Jan 2020 15:27:48: Processing 2M reads .. 
INFO  @ Wed, 15 Jan 2020 15:27:52: Processing 3M reads .. 
INFO  @ Wed, 15 Jan 2020 15:27:56: Processing 4M reads .. 
INFO  @ Wed, 15 Jan 2020 15:27:57: Total: 4247940. 
INFO  @ Wed, 15 Jan 2020 15:27:57: Mapped: 3529352. 
INFO  @ Wed, 15 Jan 2020 15:27:58: Parsing FASTQ file PO1f_Cas9_3_d2.fastq... 
INFO  @ Wed, 15 Jan 2020 15:27:58: Determining the trim-5 length of FASTQ file PO1f_Cas9_3_d2.fastq... 
INFO  @ Wed, 15 Jan 2020 15:27:58: Possible gRNA lengths:20 
INFO  @ Wed, 15 Jan 2020 15:27:58: Processing 0M reads ... 
INFO  @ Wed, 15 Jan 2020 15:28:01: Read length:73,74,76,75,67,70,62,68,72,71,57,64,65 
INFO  @ Wed, 15 Jan 2020 15:28:01: Total tested reads: 100001, mapped: 86981(0.8698013019869801) 
INFO  @ Wed, 15 Jan 2020 15:28:01: --trim-5 test data: (trim_length reads fraction) 
INFO  @ Wed, 15 Jan 2020 15:28:01: 42	83335	0.9580827996918867 
INFO  @ Wed, 15 Jan 2020 15:28:01: 41	2344	0.02694841402145296 
INFO  @ Wed, 15 Jan 2020 15:28:01: 43	712	0.008185695726652948 
INFO  @ Wed, 15 Jan 2020 15:28:01: 40	298	0.0034260355709867674 
INFO  @ Wed, 15 Jan 2020 15:28:01: 39	93	0.0010691990204757362 
INFO  @ Wed, 15 Jan 2020 15:28:01: 38	56	0.0006438187650176475 
INFO  @ Wed, 15 Jan 2020 15:28:01: 37	44	0.0005058576010852945 
INFO  @ Wed, 15 Jan 2020 15:28:01: 36	21	0.00024143203688161782 
INFO  @ Wed, 15 Jan 2020 15:28:01: 44	17	0.00019544498223750015 
INFO  @ Wed, 15 Jan 2020 15:28:01: 35	9	0.00010347087294926478 
INFO  @ Wed, 15 Jan 2020 15:28:01: 30	9	0.00010347087294926478 
INFO  @ Wed, 15 Jan 2020 15:28:01: 31	8	9.197410928823536e-05 
INFO  @ Wed, 15 Jan 2020 15:28:01: 33	7	8.047734562720594e-05 
INFO  @ Wed, 15 Jan 2020 15:28:01: 45	4	4.598705464411768e-05 
INFO  @ Wed, 15 Jan 2020 15:28:01: 29	4	4.598705464411768e-05 
INFO  @ Wed, 15 Jan 2020 15:28:01: 34	4	4.598705464411768e-05 
INFO  @ Wed, 15 Jan 2020 15:28:01: 48	3	3.449029098308826e-05 
INFO  @ Wed, 15 Jan 2020 15:28:01: 28	2	2.299352732205884e-05 
INFO  @ Wed, 15 Jan 2020 15:28:01: 47	2	2.299352732205884e-05 
INFO  @ Wed, 15 Jan 2020 15:28:01: 24	2	2.299352732205884e-05 
INFO  @ Wed, 15 Jan 2020 15:28:01: 49	1	1.149676366102942e-05 
INFO  @ Wed, 15 Jan 2020 15:28:01: 26	1	1.149676366102942e-05 
INFO  @ Wed, 15 Jan 2020 15:28:01: 50	1	1.149676366102942e-05 
INFO  @ Wed, 15 Jan 2020 15:28:01: 32	1	1.149676366102942e-05 
INFO  @ Wed, 15 Jan 2020 15:28:01: 22	1	1.149676366102942e-05 
INFO  @ Wed, 15 Jan 2020 15:28:01: 46	1	1.149676366102942e-05 
INFO  @ Wed, 15 Jan 2020 15:28:01: 55	1	1.149676366102942e-05 
INFO  @ Wed, 15 Jan 2020 15:28:01: Auto determination of trim5 results: 42 
INFO  @ Wed, 15 Jan 2020 15:28:01: Possible gRNA lengths:20 
INFO  @ Wed, 15 Jan 2020 15:28:01: Processing 0M reads .. 
INFO  @ Wed, 15 Jan 2020 15:28:05: Processing 1M reads .. 
INFO  @ Wed, 15 Jan 2020 15:28:06: Total: 1154873. 
INFO  @ Wed, 15 Jan 2020 15:28:06: Mapped: 968962. 
DEBUG @ Wed, 15 Jan 2020 15:28:06: Initial (total) size factor: 0.7804701816707806 0.5756947854657731 0.7529896801755199 0.8600965129496042 2.5958659927752556 9.455195181372783 
DEBUG @ Wed, 15 Jan 2020 15:28:07: Median factor: 0.5566464561049095 0.4095267734477689 0.5373012740747278 0.6465569653711254 1.9506595129334792 7.054319429837 
INFO  @ Wed, 15 Jan 2020 15:28:07: Final size factor: 0.5566464561049095 0.4095267734477689 0.5373012740747278 0.6465569653711254 1.9506595129334792 7.054319429837 
WARNING @ Wed, 15 Jan 2020 15:28:07: Some samples have unusually small or large normalization factors (<0.2 or >5). Please double-check with the normalization process. 
INFO  @ Wed, 15 Jan 2020 15:28:08: Summary of file PO1f_1_d2.fastq: 
INFO  @ Wed, 15 Jan 2020 15:28:08: label	PO1f_1 
INFO  @ Wed, 15 Jan 2020 15:28:08: reads	13963047 
INFO  @ Wed, 15 Jan 2020 15:28:08: mappedreads	11738725 
INFO  @ Wed, 15 Jan 2020 15:28:08: totalsgrnas	47591 
INFO  @ Wed, 15 Jan 2020 15:28:08: zerosgrnas	336 
INFO  @ Wed, 15 Jan 2020 15:28:08: giniindex	0.09183189145833615 
INFO  @ Wed, 15 Jan 2020 15:28:08: Summary of file PO1f_2_d2.fastq: 
INFO  @ Wed, 15 Jan 2020 15:28:08: label	PO1f_2 
INFO  @ Wed, 15 Jan 2020 15:28:08: reads	18252805 
INFO  @ Wed, 15 Jan 2020 15:28:08: mappedreads	15914205 
INFO  @ Wed, 15 Jan 2020 15:28:08: totalsgrnas	47591 
INFO  @ Wed, 15 Jan 2020 15:28:08: zerosgrnas	332 
INFO  @ Wed, 15 Jan 2020 15:28:08: giniindex	0.0872513372835465 
INFO  @ Wed, 15 Jan 2020 15:28:08: Summary of file PO1f_3_d2.fastq: 
INFO  @ Wed, 15 Jan 2020 15:28:08: label	PO1f_3 
INFO  @ Wed, 15 Jan 2020 15:28:08: reads	13921466 
INFO  @ Wed, 15 Jan 2020 15:28:08: mappedreads	12167132 
INFO  @ Wed, 15 Jan 2020 15:28:08: totalsgrnas	47591 
INFO  @ Wed, 15 Jan 2020 15:28:08: zerosgrnas	336 
INFO  @ Wed, 15 Jan 2020 15:28:08: giniindex	0.0901353483994557 
INFO  @ Wed, 15 Jan 2020 15:28:08: Summary of file PO1f_Cas9_1_d2.fastq: 
INFO  @ Wed, 15 Jan 2020 15:28:08: label	PO1f_Cas9_1 
INFO  @ Wed, 15 Jan 2020 15:28:08: reads	12545545 
INFO  @ Wed, 15 Jan 2020 15:28:08: mappedreads	10651973 
INFO  @ Wed, 15 Jan 2020 15:28:08: totalsgrnas	47591 
INFO  @ Wed, 15 Jan 2020 15:28:08: zerosgrnas	338 
INFO  @ Wed, 15 Jan 2020 15:28:08: giniindex	0.09736251347345048 
INFO  @ Wed, 15 Jan 2020 15:28:08: Summary of file PO1f_Cas9_2_d2.fastq: 
INFO  @ Wed, 15 Jan 2020 15:28:08: label	PO1f_Cas9_2 
INFO  @ Wed, 15 Jan 2020 15:28:08: reads	4247940 
INFO  @ Wed, 15 Jan 2020 15:28:08: mappedreads	3529352 
INFO  @ Wed, 15 Jan 2020 15:28:08: totalsgrnas	47591 
INFO  @ Wed, 15 Jan 2020 15:28:08: zerosgrnas	434 
INFO  @ Wed, 15 Jan 2020 15:28:08: giniindex	0.12151714283824433 
INFO  @ Wed, 15 Jan 2020 15:28:08: Summary of file PO1f_Cas9_3_d2.fastq: 
INFO  @ Wed, 15 Jan 2020 15:28:08: label	PO1f_Cas9_3 
INFO  @ Wed, 15 Jan 2020 15:28:08: reads	1154873 
INFO  @ Wed, 15 Jan 2020 15:28:08: mappedreads	968962 
INFO  @ Wed, 15 Jan 2020 15:28:08: totalsgrnas	47591 
INFO  @ Wed, 15 Jan 2020 15:28:08: zerosgrnas	947 
INFO  @ Wed, 15 Jan 2020 15:28:08: giniindex	0.16982062434224987 
INFO  @ Wed, 15 Jan 2020 15:28:08: Loading Rnw template file: /global/projectb/scratch/cmodonog/Anaconda/MageckEnv/lib/python3.7/site-packages/mageck/fastq_template.Rnw. 
DEBUG @ Wed, 15 Jan 2020 15:28:08: Setting up the visualization module... 
